F:\北京邮电大学\大二\下学期\程序设计\游戏\我的扫雷\MINE\MINE\DEBUG\MINE.PCH
F:\北京邮电大学\大二\下学期\程序设计\游戏\我的扫雷\MINE\MINE\DEBUG\STDAFX.OBJ
F:\北京邮电大学\大二\下学期\程序设计\游戏\我的扫雷\MINE\MINE\DEBUG\VC110.PDB
F:\北京邮电大学\大二\下学期\程序设计\游戏\我的扫雷\MINE\MINE\DEBUG\CLASSVIEW.OBJ
F:\北京邮电大学\大二\下学期\程序设计\游戏\我的扫雷\MINE\MINE\DEBUG\FILEVIEW.OBJ
F:\北京邮电大学\大二\下学期\程序设计\游戏\我的扫雷\MINE\MINE\DEBUG\MAINFRM.OBJ
F:\北京邮电大学\大二\下学期\程序设计\游戏\我的扫雷\MINE\MINE\DEBUG\MINE.OBJ
F:\北京邮电大学\大二\下学期\程序设计\游戏\我的扫雷\MINE\MINE\DEBUG\MINEDOC.OBJ
F:\北京邮电大学\大二\下学期\程序设计\游戏\我的扫雷\MINE\MINE\DEBUG\MINEVIEW.OBJ
F:\北京邮电大学\大二\下学期\程序设计\游戏\我的扫雷\MINE\MINE\DEBUG\OUTPUTWND.OBJ
F:\北京邮电大学\大二\下学期\程序设计\游戏\我的扫雷\MINE\MINE\DEBUG\PROPERTIESWND.OBJ
F:\北京邮电大学\大二\下学期\程序设计\游戏\我的扫雷\MINE\MINE\DEBUG\SETDLG.OBJ
F:\北京邮电大学\大二\下学期\程序设计\游戏\我的扫雷\MINE\MINE\DEBUG\VIEWTREE.OBJ
F:\北京邮电大学\大二\下学期\程序设计\游戏\我的扫雷\MINE\DEBUG\MINE.ILK
F:\北京邮电大学\大二\下学期\程序设计\游戏\我的扫雷\MINE\DEBUG\MINE.EXE
F:\北京邮电大学\大二\下学期\程序设计\游戏\我的扫雷\MINE\DEBUG\MINE.PDB
F:\北京邮电大学\大二\下学期\程序设计\游戏\我的扫雷\MINE\MINE\DEBUG\MINE.RES
F:\北京邮电大学\大二\下学期\程序设计\游戏\我的扫雷\MINE\MINE\Debug\ClassView.obj
F:\北京邮电大学\大二\下学期\程序设计\游戏\我的扫雷\MINE\MINE\Debug\FileView.obj
F:\北京邮电大学\大二\下学期\程序设计\游戏\我的扫雷\MINE\MINE\Debug\MainFrm.obj
F:\北京邮电大学\大二\下学期\程序设计\游戏\我的扫雷\MINE\MINE\Debug\MINE.obj
F:\北京邮电大学\大二\下学期\程序设计\游戏\我的扫雷\MINE\MINE\Debug\MINEDoc.obj
F:\北京邮电大学\大二\下学期\程序设计\游戏\我的扫雷\MINE\MINE\Debug\MINEView.obj
F:\北京邮电大学\大二\下学期\程序设计\游戏\我的扫雷\MINE\MINE\Debug\OutputWnd.obj
F:\北京邮电大学\大二\下学期\程序设计\游戏\我的扫雷\MINE\MINE\Debug\PropertiesWnd.obj
F:\北京邮电大学\大二\下学期\程序设计\游戏\我的扫雷\MINE\MINE\Debug\Setdlg.obj
F:\北京邮电大学\大二\下学期\程序设计\游戏\我的扫雷\MINE\MINE\Debug\stdafx.obj
F:\北京邮电大学\大二\下学期\程序设计\游戏\我的扫雷\MINE\MINE\Debug\ViewTree.obj
F:\北京邮电大学\大二\下学期\程序设计\游戏\我的扫雷\MINE\MINE\Debug\cl.command.1.tlog
F:\北京邮电大学\大二\下学期\程序设计\游戏\我的扫雷\MINE\MINE\Debug\CL.read.1.tlog
F:\北京邮电大学\大二\下学期\程序设计\游戏\我的扫雷\MINE\MINE\Debug\CL.write.1.tlog
F:\北京邮电大学\大二\下学期\程序设计\游戏\我的扫雷\MINE\MINE\Debug\link-cvtres.read.1.tlog
F:\北京邮电大学\大二\下学期\程序设计\游戏\我的扫雷\MINE\MINE\Debug\link-cvtres.write.1.tlog
F:\北京邮电大学\大二\下学期\程序设计\游戏\我的扫雷\MINE\MINE\Debug\link-mt.read.1.tlog
F:\北京邮电大学\大二\下学期\程序设计\游戏\我的扫雷\MINE\MINE\Debug\link-mt.write.1.tlog
F:\北京邮电大学\大二\下学期\程序设计\游戏\我的扫雷\MINE\MINE\Debug\link-rc.read.1.tlog
F:\北京邮电大学\大二\下学期\程序设计\游戏\我的扫雷\MINE\MINE\Debug\link-rc.write.1.tlog
F:\北京邮电大学\大二\下学期\程序设计\游戏\我的扫雷\MINE\MINE\Debug\link.command.1.tlog
F:\北京邮电大学\大二\下学期\程序设计\游戏\我的扫雷\MINE\MINE\Debug\link.read.1.tlog
F:\北京邮电大学\大二\下学期\程序设计\游戏\我的扫雷\MINE\MINE\Debug\link.write.1.tlog
F:\北京邮电大学\大二\下学期\程序设计\游戏\我的扫雷\MINE\MINE\Debug\rc.command.1.tlog
F:\北京邮电大学\大二\下学期\程序设计\游戏\我的扫雷\MINE\MINE\Debug\rc.read.1.tlog
F:\北京邮电大学\大二\下学期\程序设计\游戏\我的扫雷\MINE\MINE\Debug\rc.write.1.tlog
F:\北京邮电大学\大二\下学期\程序设计\游戏\我的扫雷\MINE\MINE\Debug\MINE.res
F:\北京邮电大学\大二\下学期\程序设计\游戏\我的扫雷\MINE\MINE\Debug\MINE.pch
F:\北京邮电大学\大二\下学期\程序设计\游戏\我的扫雷\MINE\MINE\Debug\vc110.idb
F:\北京邮电大学\大二\下学期\程序设计\游戏\我的扫雷\MINE\MINE\Debug\vc110.pdb
F:\北京邮电大学\大二\下学期\程序设计\游戏\我的扫雷\MINE\Debug\MINE.pdb
F:\北京邮电大学\大二\下学期\程序设计\游戏\我的扫雷\MINE\Debug\MINE.exe
F:\北京邮电大学\大二\下学期\程序设计\游戏\我的扫雷\MINE\Debug\MINE.ilk
